<?xml version="1.0" encoding="UTF-8"?>
<!-- Generated by org.testng.reporters.JUnitReportReporter -->
<testsuite hostname="MeeraDell" failures="0" tests="1" name="com.inetbanking.testCases.TC_LoginTest_001" time="21.893" errors="0" timestamp="2023-09-24T18:52:52 BST" skipped="0">
  <testcase classname="com.inetbanking.testCases.TC_LoginTest_001" name="LoginTest" time="21.893"/>
</testsuite> <!-- com.inetbanking.testCases.TC_LoginTest_001 -->
