<?xml version="1.0" encoding="UTF-8"?>
<!-- Generated by org.testng.reporters.JUnitReportReporter -->
<testsuite hostname="MeeraDell" failures="0" tests="1" name="com.inetbanking.testCases.TC_CreateCustomer_002" time="29.612" errors="0" timestamp="2023-09-24T22:14:21 BST" skipped="0">
  <testcase classname="com.inetbanking.testCases.TC_CreateCustomer_002" name="createCustomer" time="29.612"/>
</testsuite> <!-- com.inetbanking.testCases.TC_CreateCustomer_002 -->
