<?xml version="1.0" encoding="UTF-8"?>
<!-- Generated by org.testng.reporters.JUnitReportReporter -->
<testsuite hostname="MeeraDell" failures="0" tests="1" name="com.inetbanking.testCases.TC_LoginTest_001" time="19.578" errors="0" timestamp="2023-09-24T22:05:43 BST" skipped="0">
  <testcase classname="com.inetbanking.testCases.TC_LoginTest_001" name="LoginTest" time="19.578"/>
</testsuite> <!-- com.inetbanking.testCases.TC_LoginTest_001 -->
