<?xml version="1.0" encoding="UTF-8"?>
<!-- Generated by org.testng.reporters.JUnitReportReporter -->
<testsuite hostname="MeeraDell" failures="0" tests="1" name="com.inetbanking.testCases.TC_UrlTest_000" time="0.174" errors="0" timestamp="2023-10-11T21:55:46 BST" skipped="0">
  <testcase classname="com.inetbanking.testCases.TC_UrlTest_000" name="UrlTest" time="0.174"/>
</testsuite> <!-- com.inetbanking.testCases.TC_UrlTest_000 -->
