<?xml version="1.0" encoding="UTF-8"?>
<!-- Generated by org.testng.reporters.JUnitReportReporter -->
<testsuite hostname="MeeraDell" failures="0" tests="1" name="com.inetbanking.testCases.TC_UrlTest_000" time="1.045" errors="0" timestamp="2023-10-12T00:51:39 BST" skipped="0">
  <testcase classname="com.inetbanking.testCases.TC_UrlTest_000" name="UrlTest" time="1.045"/>
</testsuite> <!-- com.inetbanking.testCases.TC_UrlTest_000 -->
